{
  "RSpec": {
    "coverage": {
      "/Users/zepho/bitbuck/striped/spec/features/guest_checkout_spec.rb": [
        1,
        1,
        null,
        1,
        1,
        6,
        null,
        null,
        1,
        1,
        1,
        null,
        1,
        1,
        1,
        1,
        null,
        1,
        1,
        1,
        null,
        1,
        null,
        1,
        1,
        null,
        null,
        1,
        1,
        1,
        null,
        1,
        1,
        1,
        1,
        null,
        1,
        null,
        1,
        null,
        null,
        1,
        1,
        1,
        null,
        1,
        1,
        1,
        1,
        null,
        1,
        null,
        null,
        1,
        1,
        1,
        null,
        1,
        1,
        1,
        1,
        null,
        1,
        null,
        null,
        1,
        1,
        1,
        null,
        1,
        1,
        1,
        1,
        null,
        1,
        null,
        null,
        1,
        1,
        1,
        null,
        1,
        1,
        1,
        1,
        null,
        1,
        null,
        null,
        null
      ],
      "/Users/zepho/bitbuck/striped/spec/rails_helper.rb": [
        null,
        1,
        1,
        1,
        1,
        1,
        null,
        null,
        null,
        null,
        null,
        null,
        null,
        null,
        4,
        null,
        null,
        null,
        1,
        null,
        1,
        1,
        1,
        null,
        1,
        1,
        null,
        null,
        1,
        14,
        null,
        null,
        1,
        13,
        null,
        null,
        1,
        14,
        null,
        null,
        1,
        14,
        null,
        null,
        null,
        1,
        null,
        null,
        null,
        null,
        null,
        null,
        null,
        null,
        null,
        null,
        null,
        null,
        null,
        null,
        null,
        null,
        null,
        null,
        null,
        1,
        null
      ],
      "/Users/zepho/bitbuck/striped/config/environment.rb": [
        null,
        1,
        null,
        null,
        1
      ],
      "/Users/zepho/bitbuck/striped/config/application.rb": [
        1,
        null,
        1,
        null,
        null,
        null,
        1,
        null,
        1,
        1,
        null,
        null,
        null,
        null,
        null,
        null,
        null,
        null,
        null,
        null,
        null,
        null,
        null,
        1,
        1,
        null,
        1,
        null,
        null,
        null,
        null,
        1,
        1,
        1,
        1,
        1,
        null,
        null,
        1
      ],
      "/Users/zepho/bitbuck/striped/config/boot.rb": [
        null,
        1,
        null,
        1
      ],
      "/Users/zepho/bitbuck/striped/app/actors/customer/use_cases/subscribe_to_a_plan.rb": [
        1,
        1,
        1,
        null,
        1,
        5,
        null,
        2,
        null,
        null,
        null,
        null,
        null
      ],
      "/Users/zepho/bitbuck/striped/app/actors/customer/use_cases/guest_checkout.rb": [
        1,
        1,
        1,
        null,
        1,
        6,
        6,
        null,
        3,
        null,
        null,
        null,
        null,
        null
      ],
      "/Users/zepho/bitbuck/striped/app/actors/customer/use_cases/one_click_checkout.rb": [
        1,
        1,
        1,
        null,
        1,
        1,
        1,
        null,
        1,
        null,
        null,
        null,
        null,
        null
      ],
      "/Users/zepho/bitbuck/striped/app/actors/customer/use_cases/update_credit_card_expiration_date.rb": [
        1,
        1,
        1,
        null,
        1,
        1,
        null,
        1,
        null,
        null,
        null,
        null,
        null
      ],
      "/Users/zepho/bitbuck/striped/app/actors/customer/use_cases/add_new_credit_card.rb": [
        1,
        1,
        1,
        null,
        1,
        null,
        null,
        null,
        null,
        null,
        null,
        null,
        null
      ],
      "/Users/zepho/bitbuck/striped/app/actors/stripe/use_cases/process_subscription_payment_failure.rb": [
        1,
        1,
        1,
        null,
        1,
        0,
        null,
        0,
        null,
        null,
        null,
        null,
        null
      ],
      "/Users/zepho/bitbuck/striped/config/environments/test.rb": [
        1,
        null,
        null,
        null,
        null,
        null,
        null,
        1,
        null,
        null,
        null,
        null,
        1,
        null,
        null,
        1,
        1,
        null,
        null,
        1,
        1,
        null,
        null,
        1,
        null,
        null,
        1,
        null,
        null,
        null,
        null,
        1,
        null,
        null,
        1,
        null,
        null,
        null,
        null
      ],
      "/Users/zepho/bitbuck/striped/config/initializers/assets.rb": [
        null,
        null,
        null,
        1,
        null,
        null,
        null,
        null
      ],
      "/Users/zepho/bitbuck/striped/config/initializers/backtrace_silencers.rb": [
        null,
        null,
        null,
        null,
        null,
        null,
        null
      ],
      "/Users/zepho/bitbuck/striped/config/initializers/cookies_serializer.rb": [
        null,
        null,
        1
      ],
      "/Users/zepho/bitbuck/striped/config/initializers/devise.rb": [
        null,
        null,
        1,
        null,
        null,
        null,
        null,
        null,
        null,
        null,
        null,
        null,
        1,
        null,
        null,
        null,
        null,
        null,
        null,
        null,
        null,
        1,
        null,
        null,
        null,
        null,
        null,
        null,
        null,
        null,
        null,
        null,
        null,
        null,
        null,
        null,
        null,
        null,
        null,
        null,
        null,
        null,
        null,
        1,
        null,
        null,
        null,
        null,
        1,
        null,
        null,
        null,
        null,
        null,
        null,
        null,
        null,
        null,
        null,
        null,
        null,
        null,
        null,
        null,
        null,
        null,
        null,
        null,
        null,
        null,
        null,
        null,
        null,
        null,
        null,
        null,
        null,
        null,
        null,
        1,
        null,
        null,
        null,
        null,
        null,
        null,
        null,
        null,
        null,
        null,
        null,
        null,
        null,
        null,
        null,
        null,
        1,
        null,
        null,
        null,
        null,
        null,
        null,
        null,
        null,
        null,
        null,
        null,
        null,
        null,
        null,
        null,
        null,
        null,
        null,
        null,
        null,
        null,
        null,
        null,
        null,
        1,
        null,
        null,
        null,
        null,
        null,
        null,
        null,
        null,
        null,
        1,
        null,
        null,
        null,
        null,
        null,
        null,
        null,
        null,
        null,
        null,
        1,
        null,
        null,
        null,
        null,
        null,
        null,
        null,
        null,
        null,
        null,
        null,
        null,
        null,
        null,
        null,
        null,
        null,
        null,
        null,
        null,
        null,
        null,
        null,
        null,
        null,
        null,
        null,
        null,
        null,
        null,
        null,
        null,
        null,
        null,
        null,
        null,
        null,
        null,
        null,
        null,
        null,
        null,
        null,
        null,
        null,
        null,
        null,
        null,
        1,
        null,
        null,
        null,
        null,
        null,
        null,
        null,
        null,
        null,
        null,
        null,
        null,
        null,
        null,
        null,
        null,
        null,
        null,
        null,
        null,
        null,
        null,
        null,
        null,
        null,
        null,
        null,
        null,
        null,
        null,
        null,
        null,
        null,
        null,
        null,
        null,
        null,
        1,
        null,
        null,
        null,
        null,
        null,
        null,
        null,
        null,
        null,
        null,
        null,
        null,
        null,
        null,
        null,
        null,
        null,
        null,
        null,
        null,
        null,
        null,
        null,
        null,
        null,
        null,
        null,
        null,
        null
      ],
      "/Users/zepho/bitbuck/striped/config/initializers/filter_parameter_logging.rb": [
        null,
        null,
        null,
        1
      ],
      "/Users/zepho/bitbuck/striped/config/initializers/inflections.rb": [
        null,
        null,
        null,
        null,
        null,
        null,
        null,
        null,
        null,
        null,
        null,
        null,
        null,
        null,
        null,
        null
      ],
      "/Users/zepho/bitbuck/striped/config/initializers/mime_types.rb": [
        null,
        null,
        null,
        null
      ],
      "/Users/zepho/bitbuck/striped/config/initializers/session_store.rb": [
        null,
        null,
        1
      ],
      "/Users/zepho/bitbuck/striped/config/initializers/stripe.rb": [
        1,
        null,
        null,
        null,
        null,
        1,
        1,
        null,
        null,
        null,
        1
      ],
      "/Users/zepho/bitbuck/striped/config/initializers/wrap_parameters.rb": [
        null,
        null,
        null,
        null,
        null,
        null,
        1,
        1,
        null,
        null,
        null,
        null,
        null,
        null
      ],
      "/Users/zepho/bitbuck/striped/config/routes.rb": [
        1,
        1,
        1,
        null,
        1,
        null,
        1,
        1,
        null,
        1,
        1,
        null,
        1,
        null,
        1,
        1,
        null,
        1,
        null,
        null,
        null,
        null,
        null,
        1,
        null,
        null,
        null,
        null,
        null,
        null,
        null,
        null,
        null,
        null,
        null,
        null,
        null,
        null,
        null,
        null,
        null,
        null,
        null,
        null,
        null,
        null,
        null,
        null,
        null,
        null,
        null,
        null,
        null,
        null,
        null,
        null,
        null,
        null,
        null,
        null,
        null,
        null,
        null,
        null,
        null,
        null,
        null,
        null,
        null,
        null,
        null,
        null,
        null,
        null
      ],
      "/Users/zepho/bitbuck/striped/app/models/user.rb": [
        1,
        null,
        null,
        1,
        null,
        null,
        1,
        1,
        null,
        1,
        7,
        7,
        null,
        null,
        1,
        15,
        null,
        null,
        1,
        1,
        null,
        null
      ],
      "/Users/zepho/bitbuck/striped/app/helpers/application_helper.rb": [
        1,
        null
      ],
      "/Users/zepho/bitbuck/striped/spec/support/controller_helpers.rb": [
        1,
        1,
        0,
        0,
        0,
        null,
        0,
        0,
        null,
        null,
        null
      ],
      "/Users/zepho/bitbuck/striped/spec/support/features/session_helpers.rb": [
        1,
        1,
        1,
        6,
        6,
        6,
        null,
        6,
        null,
        null,
        1,
        5,
        5,
        5,
        5,
        null,
        5,
        null,
        null,
        1,
        8,
        null,
        null,
        null
      ],
      "/Users/zepho/bitbuck/striped/spec/support/features.rb": [
        1,
        1,
        null
      ],
      "/Users/zepho/bitbuck/striped/spec/features/one_click_checkout_spec.rb": [
        1,
        1,
        null,
        1,
        1,
        1,
        null,
        null,
        1,
        null,
        1,
        1,
        null,
        1,
        1,
        1,
        1,
        null,
        null,
        1,
        1,
        1,
        1,
        null,
        null,
        1,
        null,
        null,
        1,
        1,
        1,
        1,
        null,
        null,
        1,
        1,
        null,
        1,
        null,
        null,
        null
      ],
      "/Users/zepho/bitbuck/striped/spec/features/signup_spec.rb": [
        1,
        1,
        null,
        1,
        1,
        1,
        null,
        1,
        null,
        null
      ],
      "/Users/zepho/bitbuck/striped/spec/features/subscribe_spec.rb": [
        1,
        1,
        null,
        1,
        null,
        1,
        1,
        1,
        null,
        1,
        null,
        1,
        null,
        null,
        1,
        1,
        1,
        null,
        1,
        null,
        1,
        null,
        null,
        1,
        1,
        1,
        null,
        1,
        null,
        1,
        null,
        null,
        1,
        1,
        1,
        null,
        1,
        null,
        1,
        null,
        null,
        1,
        1,
        1,
        null,
        1,
        null,
        1,
        null,
        null,
        null
      ],
      "/Users/zepho/bitbuck/striped/spec/features/update_credit_card_expiration_date_spec.rb": [
        1,
        1,
        null,
        1,
        null,
        1,
        null,
        1,
        1,
        1,
        1,
        null,
        null,
        1,
        1,
        1,
        1,
        1,
        1,
        null,
        null,
        1,
        null,
        null,
        1,
        1,
        1,
        1,
        null,
        1,
        null,
        null,
        null
      ],
      "/Users/zepho/bitbuck/striped/app/models/product.rb": [
        1,
        null,
        1,
        7,
        7,
        null,
        null,
        1,
        7,
        null,
        null,
        null
      ],
      "/Users/zepho/bitbuck/striped/app/controllers/products_controller.rb": [
        1,
        1,
        8,
        null,
        null,
        1,
        null,
        null,
        null
      ],
      "/Users/zepho/bitbuck/striped/app/controllers/application_controller.rb": [
        1,
        null,
        null,
        1,
        null,
        1,
        6,
        null,
        6,
        null,
        null,
        null,
        1,
        null,
        21,
        1,
        0,
        0,
        null,
        1,
        null,
        20,
        null,
        null,
        null,
        null,
        null,
        1,
        null,
        29,
        null,
        null,
        0,
        0,
        null,
        null,
        1,
        null,
        1,
        14,
        14,
        14,
        14,
        null,
        null,
        null
      ],
      "/Users/zepho/bitbuck/striped/app/controllers/sales_controller.rb": [
        1,
        1,
        null,
        1,
        15,
        15,
        15,
        1,
        null,
        1,
        null,
        14,
        null,
        0,
        0,
        null,
        0,
        0,
        null,
        null,
        null,
        1,
        6,
        6,
        6,
        3,
        3,
        null,
        0,
        0,
        null,
        6,
        6,
        null,
        null,
        null
      ],
      "/Users/zepho/bitbuck/striped/app/gateways/stripe_gateway.rb": [
        1,
        null,
        1,
        5,
        5,
        null,
        null,
        null,
        1,
        6,
        null,
        6,
        null,
        3,
        null,
        null,
        3,
        null,
        null,
        null,
        1,
        1,
        1,
        null,
        null,
        null,
        null,
        1,
        1,
        1,
        1,
        1,
        1,
        1,
        null,
        null,
        null,
        1,
        null,
        1,
        13,
        13,
        6,
        null,
        6,
        6,
        null,
        6,
        6,
        6,
        null,
        6,
        6,
        null,
        6,
        null,
        0,
        null,
        0,
        null,
        0,
        0,
        null,
        0,
        null,
        0,
        null,
        0,
        null,
        0,
        null,
        0,
        null,
        0,
        null,
        0,
        null,
        null,
        null
      ],
      "/Users/zepho/bitbuck/striped/app/models/stripe_customer.rb": [
        1,
        null,
        null,
        1,
        2,
        2,
        null,
        null,
        null,
        null,
        1,
        5,
        5,
        5,
        null,
        5,
        5,
        null,
        null,
        null,
        null,
        null,
        1,
        null,
        9,
        2,
        2,
        null,
        null,
        null,
        null,
        null,
        1,
        null,
        null,
        1,
        9,
        null,
        null,
        null
      ],
      "/Users/zepho/bitbuck/striped/app/models/credit_card.rb": [
        1,
        1,
        null,
        1,
        1,
        1,
        1,
        1,
        null,
        null
      ],
      "/Users/zepho/bitbuck/striped/app/controllers/registrations_controller.rb": [
        1,
        null,
        1,
        9,
        9,
        null,
        null,
        1,
        9,
        7,
        null,
        2,
        null,
        null,
        null,
        null
      ],
      "/Users/zepho/bitbuck/striped/app/exceptions/striped/credit_card_declined.rb": [
        1,
        1,
        null,
        null
      ],
      "/Users/zepho/bitbuck/striped/app/controllers/welcome_controller.rb": [
        1,
        1,
        null,
        null
      ],
      "/Users/zepho/bitbuck/striped/app/controllers/subscriptions_controller.rb": [
        1,
        1,
        null,
        1,
        6,
        null,
        null,
        1,
        5,
        5,
        null,
        null,
        2,
        3,
        3,
        null,
        0,
        0,
        null,
        null,
        null,
        1,
        null,
        null,
        null,
        null
      ],
      "/Users/zepho/bitbuck/striped/app/models/subscription.rb": [
        1,
        1,
        null
      ],
      "/Users/zepho/bitbuck/striped/app/controllers/credit_cards_controller.rb": [
        1,
        1,
        null,
        1,
        null,
        null,
        1,
        null,
        null,
        1,
        1,
        null,
        null,
        1,
        1,
        null,
        null
      ]
    },
    "timestamp": 1416616866
  }
}
